# JRE version: Java(TM) SE Runtime Environment (16.0.2+7) (build 16.0.2+7-67)
# Java VM: Java HotSpot(TM) 64-Bit Server VM (16.0.2+7-67, mixed mode, sharing, tiered, compressed oops, compressed class ptrs, g1 gc, windows-amd64)
GC Precious Log:
 CPUs: 4 total, 4 available
 Memory: 3996M
 Large Page Support: Disabled
 NUMA Support: Disabled
 Compressed Oops: Enabled (32-bit)
 Heap Region Size: 1M
 Heap Min Capacity: 8M
 Heap Initial Capacity: 64M
 Heap Max Capacity: 1000M
 Pre-touch: Disabled
 Parallel Workers: 4
 Concurrent Workers: 1
 Concurrent Refinement Workers: 4
 Periodic GC: Disabled
Heap:
 garbage-first heap   total 65536K, used 22923K [0x00000000c1800000, 0x0000000100000000)
  region size 1024K, 21 young (21504K), 5 survivors (5120K)
 Metaspace       used 14033K, committed 14272K, reserved 1064960K
  class space    used 1594K, committed 1728K, reserved 1048576K
GC Heap History (8 events):
Event: 5.019 GC heap before
{Heap before GC invocations=0 (full 0):
 garbage-first heap   total 65536K, used 12288K [0x00000000c1800000, 0x0000000100000000)
  region size 1024K, 13 young (13312K), 0 survivors (0K)
 Metaspace       used 3533K, committed 3712K, reserved 1056768K
  class space    used 350K, committed 448K, reserved 1048576K
}
Event: 5.039 GC heap after
{Heap after GC invocations=1 (full 0):
 garbage-first heap   total 65536K, used 3092K [0x00000000c1800000, 0x0000000100000000)
  region size 1024K, 2 young (2048K), 2 survivors (2048K)
 Metaspace       used 3533K, committed 3712K, reserved 1056768K
  class space    used 350K, committed 448K, reserved 1048576K
}
Event: 6.483 GC heap before
{Heap before GC invocations=1 (full 0):
 garbage-first heap   total 65536K, used 15380K [0x00000000c1800000, 0x0000000100000000)
  region size 1024K, 14 young (14336K), 2 survivors (2048K)
 Metaspace       used 5025K, committed 5184K, reserved 1056768K
  class space    used 572K, committed 640K, reserved 1048576K
}
Event: 6.488 GC heap after
{Heap after GC invocations=2 (full 0):
 garbage-first heap   total 65536K, used 3777K [0x00000000c1800000, 0x0000000100000000)
  region size 1024K, 1 young (1024K), 1 survivors (1024K)
 Metaspace       used 5025K, committed 5184K, reserved 1056768K
  class space    used 572K, committed 640K, reserved 1048576K
}
Event: 8.476 GC heap before
{Heap before GC invocations=2 (full 0):
 garbage-first heap   total 65536K, used 29377K [0x00000000c1800000, 0x0000000100000000)
  region size 1024K, 26 young (26624K), 1 survivors (1024K)
 Metaspace       used 9028K, committed 9152K, reserved 1064960K
  class space    used 1067K, committed 1152K, reserved 1048576K
}
Event: 8.483 GC heap after
{Heap after GC invocations=3 (full 0):
 garbage-first heap   total 65536K, used 4991K [0x00000000c1800000, 0x0000000100000000)
  region size 1024K, 2 young (2048K), 2 survivors (2048K)
 Metaspace       used 9028K, committed 9152K, reserved 1064960K
  class space    used 1067K, committed 1152K, reserved 1048576K
}
Event: 13.362 GC heap before
{Heap before GC invocations=3 (full 0):
 garbage-first heap   total 65536K, used 41855K [0x00000000c1800000, 0x0000000100000000)
  region size 1024K, 38 young (38912K), 2 survivors (2048K)
 Metaspace       used 13032K, committed 13184K, reserved 1064960K
  class space    used 1472K, committed 1536K, reserved 1048576K
}
Event: 13.378 GC heap after
{Heap after GC invocations=4 (full 0):
 garbage-first heap   total 65536K, used 7563K [0x00000000c1800000, 0x0000000100000000)
  region size 1024K, 5 young (5120K), 5 survivors (5120K)
 Metaspace       used 13032K, committed 13184K, reserved 1064960K
  class space    used 1472K, committed 1536K, reserved 1048576K
}

