# JRE version: Java(TM) SE Runtime Environment (16.0.2+7) (build 16.0.2+7-67)
# Java VM: Java HotSpot(TM) 64-Bit Server VM (16.0.2+7-67, mixed mode, sharing, tiered, compressed oops, compressed class ptrs, g1 gc, windows-amd64)
GC Precious Log:
 CPUs: 4 total, 4 available
 Memory: 3996M
 Large Page Support: Disabled
 NUMA Support: Disabled
 Compressed Oops: Enabled (32-bit)
 Heap Region Size: 1M
 Heap Min Capacity: 8M
 Heap Initial Capacity: 64M
 Heap Max Capacity: 1000M
 Pre-touch: Disabled
 Parallel Workers: 4
 Concurrent Workers: 1
 Concurrent Refinement Workers: 4
 Periodic GC: Disabled
Heap:
 garbage-first heap   total 64512K, used 42752K [0x00000000c1800000, 0x0000000100000000)
  region size 1024K, 23 young (23552K), 3 survivors (3072K)
 Metaspace       used 27273K, committed 27584K, reserved 1081344K
  class space    used 2999K, committed 3136K, reserved 1048576K
GC Heap History (20 events):
Event: 2.129 GC heap before
{Heap before GC invocations=2 (full 0):
 garbage-first heap   total 65536K, used 41751K [0x00000000c1800000, 0x0000000100000000)
  region size 1024K, 38 young (38912K), 1 survivors (1024K)
 Metaspace       used 11705K, committed 11904K, reserved 1064960K
  class space    used 1373K, committed 1472K, reserved 1048576K
}
Event: 2.139 GC heap after
{Heap after GC invocations=3 (full 0):
 garbage-first heap   total 65536K, used 6048K [0x00000000c1800000, 0x0000000100000000)
  region size 1024K, 3 young (3072K), 3 survivors (3072K)
 Metaspace       used 11705K, committed 11904K, reserved 1064960K
  class space    used 1373K, committed 1472K, reserved 1048576K
}
Event: 4.834 GC heap before
{Heap before GC invocations=3 (full 0):
 garbage-first heap   total 65536K, used 41888K [0x00000000c1800000, 0x0000000100000000)
  region size 1024K, 38 young (38912K), 3 survivors (3072K)
 Metaspace       used 13689K, committed 13824K, reserved 1064960K
  class space    used 1548K, committed 1600K, reserved 1048576K
}
Event: 4.849 GC heap after
{Heap after GC invocations=4 (full 0):
 garbage-first heap   total 65536K, used 8388K [0x00000000c1800000, 0x0000000100000000)
  region size 1024K, 5 young (5120K), 5 survivors (5120K)
 Metaspace       used 13689K, committed 13824K, reserved 1064960K
  class space    used 1548K, committed 1600K, reserved 1048576K
}
Event: 7.600 GC heap before
{Heap before GC invocations=4 (full 0):
 garbage-first heap   total 65536K, used 35012K [0x00000000c1800000, 0x0000000100000000)
  region size 1024K, 32 young (32768K), 5 survivors (5120K)
 Metaspace       used 21063K, committed 21248K, reserved 1073152K
  class space    used 2392K, committed 2496K, reserved 1048576K
}
Event: 7.612 GC heap after
{Heap after GC invocations=5 (full 0):
 garbage-first heap   total 65536K, used 11122K [0x00000000c1800000, 0x0000000100000000)
  region size 1024K, 5 young (5120K), 5 survivors (5120K)
 Metaspace       used 21063K, committed 21248K, reserved 1073152K
  class space    used 2392K, committed 2496K, reserved 1048576K
}
Event: 8.291 GC heap before
{Heap before GC invocations=6 (full 0):
 garbage-first heap   total 40960K, used 30578K [0x00000000c1800000, 0x0000000100000000)
  region size 1024K, 24 young (24576K), 5 survivors (5120K)
 Metaspace       used 22669K, committed 22976K, reserved 1073152K
  class space    used 2557K, committed 2688K, reserved 1048576K
}
Event: 8.311 GC heap after
{Heap after GC invocations=7 (full 0):
 garbage-first heap   total 40960K, used 15585K [0x00000000c1800000, 0x0000000100000000)
  region size 1024K, 3 young (3072K), 3 survivors (3072K)
 Metaspace       used 22669K, committed 22976K, reserved 1073152K
  class space    used 2557K, committed 2688K, reserved 1048576K
}
Event: 8.459 GC heap before
{Heap before GC invocations=7 (full 0):
 garbage-first heap   total 40960K, used 28897K [0x00000000c1800000, 0x0000000100000000)
  region size 1024K, 16 young (16384K), 3 survivors (3072K)
 Metaspace       used 22864K, committed 23168K, reserved 1073152K
  class space    used 2559K, committed 2688K, reserved 1048576K
}
Event: 8.469 GC heap after
{Heap after GC invocations=8 (full 0):
 garbage-first heap   total 40960K, used 18773K [0x00000000c1800000, 0x0000000100000000)
  region size 1024K, 2 young (2048K), 2 survivors (2048K)
 Metaspace       used 22864K, committed 23168K, reserved 1073152K
  class space    used 2559K, committed 2688K, reserved 1048576K
}
Event: 8.870 GC heap before
{Heap before GC invocations=8 (full 0):
 garbage-first heap   total 40960K, used 30037K [0x00000000c1800000, 0x0000000100000000)
  region size 1024K, 13 young (13312K), 2 survivors (2048K)
 Metaspace       used 23736K, committed 24000K, reserved 1073152K
  class space    used 2657K, committed 2752K, reserved 1048576K
}
Event: 8.879 GC heap after
{Heap after GC invocations=9 (full 0):
 garbage-first heap   total 53248K, used 21238K [0x00000000c1800000, 0x0000000100000000)
  region size 1024K, 1 young (1024K), 1 survivors (1024K)
 Metaspace       used 23736K, committed 24000K, reserved 1073152K
  class space    used 2657K, committed 2752K, reserved 1048576K
}
Event: 9.521 GC heap before
{Heap before GC invocations=9 (full 0):
 garbage-first heap   total 53248K, used 36598K [0x00000000c1800000, 0x0000000100000000)
  region size 1024K, 17 young (17408K), 1 survivors (1024K)
 Metaspace       used 24783K, committed 25088K, reserved 1073152K
  class space    used 2767K, committed 2880K, reserved 1048576K
}
Event: 9.528 GC heap after
{Heap after GC invocations=10 (full 0):
 garbage-first heap   total 53248K, used 21587K [0x00000000c1800000, 0x0000000100000000)
  region size 1024K, 2 young (2048K), 2 survivors (2048K)
 Metaspace       used 24783K, committed 25088K, reserved 1073152K
  class space    used 2767K, committed 2880K, reserved 1048576K
}
Event: 9.791 GC heap before
{Heap before GC invocations=10 (full 0):
 garbage-first heap   total 53248K, used 38995K [0x00000000c1800000, 0x0000000100000000)
  region size 1024K, 19 young (19456K), 2 survivors (2048K)
 Metaspace       used 25084K, committed 25344K, reserved 1073152K
  class space    used 2802K, committed 2880K, reserved 1048576K
}
Event: 9.795 GC heap after
{Heap after GC invocations=11 (full 0):
 garbage-first heap   total 53248K, used 21586K [0x00000000c1800000, 0x0000000100000000)
  region size 1024K, 2 young (2048K), 2 survivors (2048K)
 Metaspace       used 25084K, committed 25344K, reserved 1073152K
  class space    used 2802K, committed 2880K, reserved 1048576K
}
Event: 9.994 GC heap before
{Heap before GC invocations=11 (full 0):
 garbage-first heap   total 53248K, used 40018K [0x00000000c1800000, 0x0000000100000000)
  region size 1024K, 20 young (20480K), 2 survivors (2048K)
 Metaspace       used 25298K, committed 25600K, reserved 1073152K
  class space    used 2808K, committed 2944K, reserved 1048576K
}
Event: 9.999 GC heap after
{Heap after GC invocations=12 (full 0):
 garbage-first heap   total 53248K, used 21823K [0x00000000c1800000, 0x0000000100000000)
  region size 1024K, 2 young (2048K), 2 survivors (2048K)
 Metaspace       used 25298K, committed 25600K, reserved 1073152K
  class space    used 2808K, committed 2944K, reserved 1048576K
}
Event: 10.490 GC heap before
{Heap before GC invocations=12 (full 0):
 garbage-first heap   total 53248K, used 41279K [0x00000000c1800000, 0x0000000100000000)
  region size 1024K, 21 young (21504K), 2 survivors (2048K)
 Metaspace       used 26861K, committed 27200K, reserved 1081344K
  class space    used 2983K, committed 3136K, reserved 1048576K
}
Event: 10.500 GC heap after
{Heap after GC invocations=13 (full 0):
 garbage-first heap   total 64512K, used 23296K [0x00000000c1800000, 0x0000000100000000)
  region size 1024K, 3 young (3072K), 3 survivors (3072K)
 Metaspace       used 26861K, committed 27200K, reserved 1081344K
  class space    used 2983K, committed 3136K, reserved 1048576K
}

